<?xml version="1.0" encoding="UTF-8"?>
<!-- Generated by org.testng.reporters.JUnitXMLReporter -->
<testsuite ignored="0" hostname="Mariyas-MacBook-Air.local" failures="0" tests="7" name="Default test" time="6.455" errors="0" timestamp="2026-01-20T15:59:38 GMT">
  <testcase classname="PetStore" name="testCreatePetWithInvalidData" time="2.294"/>
  <testcase classname="PetStore" name="testDeletePetWithInvalidId" time="0.6"/>
  <testcase classname="PetStore" name="testGetNonExistentPet" time="0.791"/>
  <testcase classname="PetStore" name="testCreatePet" time="0.697"/>
  <testcase classname="PetStore" name="testGetPetById" time="0.491"/>
  <testcase classname="PetStore" name="testUpdatePet" time="0.488"/>
  <testcase classname="PetStore" name="testDeletePet" time="0.468"/>
</testsuite> <!-- Default test -->
