<?xml version="1.0" encoding="UTF-8"?>
<testng-results ignored="0" total="7" passed="7" failed="0" skipped="0">
  <reporter-output>
  </reporter-output>
  <suite started-at="2026-01-20T15:59:32 GMT" name="Default suite" finished-at="2026-01-20T15:59:38 GMT" duration-ms="6455">
    <groups>
    </groups>
    <test started-at="2026-01-20T15:59:32 GMT" name="Default test" finished-at="2026-01-20T15:59:38 GMT" duration-ms="6455">
      <class name="PetStore">
        <test-method is-config="true" signature="setup()[pri:0, instance:PetStore@2f9f7dcf]" started-at="2026-01-20T15:59:32 GMT" name="setup" finished-at="2026-01-20T15:59:32 GMT" duration-ms="578" status="PASS">
          <reporter-output>
          </reporter-output>
        </test-method> <!-- setup -->
        <test-method signature="testCreatePetWithInvalidData()[pri:0, instance:PetStore@2f9f7dcf]" started-at="2026-01-20T15:59:32 GMT" name="testCreatePetWithInvalidData" finished-at="2026-01-20T15:59:35 GMT" duration-ms="2294" status="PASS">
          <reporter-output>
          </reporter-output>
        </test-method> <!-- testCreatePetWithInvalidData -->
        <test-method signature="testDeletePetWithInvalidId()[pri:0, instance:PetStore@2f9f7dcf]" started-at="2026-01-20T15:59:35 GMT" name="testDeletePetWithInvalidId" finished-at="2026-01-20T15:59:35 GMT" duration-ms="600" status="PASS">
          <reporter-output>
          </reporter-output>
        </test-method> <!-- testDeletePetWithInvalidId -->
        <test-method signature="testGetNonExistentPet()[pri:0, instance:PetStore@2f9f7dcf]" started-at="2026-01-20T15:59:35 GMT" name="testGetNonExistentPet" finished-at="2026-01-20T15:59:36 GMT" duration-ms="791" status="PASS">
          <reporter-output>
          </reporter-output>
        </test-method> <!-- testGetNonExistentPet -->
        <test-method signature="testCreatePet()[pri:1, instance:PetStore@2f9f7dcf]" started-at="2026-01-20T15:59:36 GMT" name="testCreatePet" finished-at="2026-01-20T15:59:37 GMT" duration-ms="697" status="PASS">
          <reporter-output>
          </reporter-output>
        </test-method> <!-- testCreatePet -->
        <test-method signature="testGetPetById()[pri:2, instance:PetStore@2f9f7dcf]" started-at="2026-01-20T15:59:37 GMT" name="testGetPetById" finished-at="2026-01-20T15:59:37 GMT" duration-ms="491" status="PASS">
          <reporter-output>
          </reporter-output>
        </test-method> <!-- testGetPetById -->
        <test-method signature="testUpdatePet()[pri:3, instance:PetStore@2f9f7dcf]" started-at="2026-01-20T15:59:37 GMT" name="testUpdatePet" finished-at="2026-01-20T15:59:38 GMT" duration-ms="488" status="PASS">
          <reporter-output>
          </reporter-output>
        </test-method> <!-- testUpdatePet -->
        <test-method signature="testDeletePet()[pri:4, instance:PetStore@2f9f7dcf]" started-at="2026-01-20T15:59:38 GMT" name="testDeletePet" finished-at="2026-01-20T15:59:38 GMT" duration-ms="468" status="PASS">
          <reporter-output>
          </reporter-output>
        </test-method> <!-- testDeletePet -->
      </class> <!-- PetStore -->
    </test> <!-- Default test -->
  </suite> <!-- Default suite -->
</testng-results>
