<?xml version="1.0" encoding="UTF-8"?>
<!-- Generated by org.testng.reporters.JUnitReportReporter -->
<testsuite hostname="Mariyas-MacBook-Air.local" failures="0" tests="7" name="PetStore" time="5.829" errors="0" timestamp="2026-01-20T15:59:38 GMT" skipped="0">
  <testcase classname="PetStore" name="testDeletePetWithInvalidId" time="0.600"/>
  <system-out/>
  <testcase classname="PetStore" name="testGetNonExistentPet" time="0.791"/>
  <system-out/>
  <testcase classname="PetStore" name="testCreatePetWithInvalidData" time="2.294"/>
  <system-out/>
  <testcase classname="PetStore" name="testCreatePet" time="0.697"/>
  <system-out/>
  <testcase classname="PetStore" name="testGetPetById" time="0.491"/>
  <system-out/>
  <testcase classname="PetStore" name="testUpdatePet" time="0.488"/>
  <system-out/>
  <testcase classname="PetStore" name="testDeletePet" time="0.468"/>
  <system-out/>
</testsuite> <!-- PetStore -->
